0 verbose cli /usr/local/bin/node /usr/local/bin/npm
1 info using npm@10.9.2
2 info using node@v22.15.0
3 silly config load:file:/usr/local/lib/node_modules/npm/npmrc
4 silly config load:file:/Users/gumball/Documents/porto/kaulu-concept/.npmrc
5 silly config load:file:/Users/gumball/.npmrc
6 silly config load:file:/usr/local/etc/npmrc
7 verbose title npm i @chakra-ui/react @emotion/react @emotion/styled framer-motion
8 verbose argv "i" "--save-exact" "@chakra-ui/react" "@emotion/react" "@emotion/styled" "framer-motion" "--cache" "./.npm-cache"
9 verbose logfile logs-max:10 dir:/Users/gumball/Documents/porto/kaulu-concept/.npm-cache/_logs/2025-10-30T16_51_29_307Z-
10 verbose logfile /Users/gumball/Documents/porto/kaulu-concept/.npm-cache/_logs/2025-10-30T16_51_29_307Z-debug-0.log
11 silly logfile done cleaning log files
12 http fetch GET https://registry.npmjs.org/npm attempt 1 failed with ENOTFOUND
13 silly packumentCache heap:4345298944 maxSize:1086324736 maxEntrySize:543162368
14 silly idealTree buildDeps
15 silly fetch manifest @chakra-ui/react@^3.28.0
16 silly packumentCache full:https://registry.npmjs.org/@chakra-ui%2freact cache-miss
17 http fetch GET https://registry.npmjs.org/@chakra-ui%2freact attempt 1 failed with ENOTFOUND
18 http fetch GET https://registry.npmjs.org/npm attempt 2 failed with ENOTFOUND
19 http fetch GET https://registry.npmjs.org/@chakra-ui%2freact attempt 2 failed with ENOTFOUND
20 http fetch GET https://registry.npmjs.org/npm attempt 3 failed with ENOTFOUND
21 http fetch GET https://registry.npmjs.org/@chakra-ui%2freact attempt 3 failed with ENOTFOUND
22 silly fetch manifest @emotion/react@^11.14.0
23 silly packumentCache full:https://registry.npmjs.org/@emotion%2freact cache-miss
24 http fetch GET https://registry.npmjs.org/@emotion%2freact attempt 1 failed with ENOTFOUND
25 http fetch GET https://registry.npmjs.org/@emotion%2freact attempt 2 failed with ENOTFOUND
